27-Nov-2022 19:11:22.817 INFO [main] org.apache.catalina.core.StandardServer.await A valid shutdown command was received via the shutdown port. Stopping the Server instance.
27-Nov-2022 19:11:22.960 INFO [main] org.apache.coyote.AbstractProtocol.pause Pausing ProtocolHandler ["http-nio-8080"]
27-Nov-2022 19:11:24.211 INFO [main] org.apache.catalina.core.StandardService.stopInternal Stopping service [Catalina]
27-Nov-2022 19:11:28.491 WARNING [main] org.apache.catalina.loader.WebappClassLoaderBase.clearReferencesJdbc The web application [loyaltyfirst] registered the JDBC driver [oracle.jdbc.OracleDriver] but failed to unregister it when the web application was stopped. To prevent a memory leak, the JDBC Driver has been forcibly unregistered.
27-Nov-2022 19:11:28.946 INFO [main] org.apache.coyote.AbstractProtocol.stop Stopping ProtocolHandler ["http-nio-8080"]
27-Nov-2022 19:11:29.791 INFO [main] org.apache.coyote.AbstractProtocol.destroy Destroying ProtocolHandler ["http-nio-8080"]
27-Nov-2022 21:10:26.101 INFO [main] org.apache.catalina.startup.VersionLoggerListener.log Server version name:   Apache Tomcat/10.0.27
27-Nov-2022 21:10:26.106 INFO [main] org.apache.catalina.startup.VersionLoggerListener.log Server built:          Oct 3 2022 14:18:31 UTC
27-Nov-2022 21:10:26.106 INFO [main] org.apache.catalina.startup.VersionLoggerListener.log Server version number: 10.0.27.0
27-Nov-2022 21:10:26.106 INFO [main] org.apache.catalina.startup.VersionLoggerListener.log OS Name:               Windows 11
27-Nov-2022 21:10:26.106 INFO [main] org.apache.catalina.startup.VersionLoggerListener.log OS Version:            10.0
27-Nov-2022 21:10:26.106 INFO [main] org.apache.catalina.startup.VersionLoggerListener.log Architecture:          amd64
27-Nov-2022 21:10:26.107 INFO [main] org.apache.catalina.startup.VersionLoggerListener.log Java Home:             C:\Program Files\Apache NetBeans\jdk
27-Nov-2022 21:10:26.107 INFO [main] org.apache.catalina.startup.VersionLoggerListener.log JVM Version:           18.0.2+9
27-Nov-2022 21:10:26.107 INFO [main] org.apache.catalina.startup.VersionLoggerListener.log JVM Vendor:            Azul Systems, Inc.
27-Nov-2022 21:10:26.107 INFO [main] org.apache.catalina.startup.VersionLoggerListener.log CATALINA_BASE:         C:\apache-tomcat-10.0.27
27-Nov-2022 21:10:26.107 INFO [main] org.apache.catalina.startup.VersionLoggerListener.log CATALINA_HOME:         C:\apache-tomcat-10.0.27
27-Nov-2022 21:10:26.123 INFO [main] org.apache.catalina.startup.VersionLoggerListener.log Command line argument: --add-opens=java.base/java.lang=ALL-UNNAMED
27-Nov-2022 21:10:26.123 INFO [main] org.apache.catalina.startup.VersionLoggerListener.log Command line argument: --add-opens=java.base/java.io=ALL-UNNAMED
27-Nov-2022 21:10:26.123 INFO [main] org.apache.catalina.startup.VersionLoggerListener.log Command line argument: --add-opens=java.base/java.util=ALL-UNNAMED
27-Nov-2022 21:10:26.123 INFO [main] org.apache.catalina.startup.VersionLoggerListener.log Command line argument: --add-opens=java.base/java.util.concurrent=ALL-UNNAMED
27-Nov-2022 21:10:26.124 INFO [main] org.apache.catalina.startup.VersionLoggerListener.log Command line argument: --add-opens=java.rmi/sun.rmi.transport=ALL-UNNAMED
27-Nov-2022 21:10:26.124 INFO [main] org.apache.catalina.startup.VersionLoggerListener.log Command line argument: -Djava.util.logging.config.file=C:\apache-tomcat-10.0.27\conf\logging.properties
27-Nov-2022 21:10:26.124 INFO [main] org.apache.catalina.startup.VersionLoggerListener.log Command line argument: -Djava.util.logging.manager=org.apache.juli.ClassLoaderLogManager
27-Nov-2022 21:10:26.124 INFO [main] org.apache.catalina.startup.VersionLoggerListener.log Command line argument: -Dhttp.nonProxyHosts=localhost|127.0.0.1|DESKTOP-MM91H5O
27-Nov-2022 21:10:26.124 INFO [main] org.apache.catalina.startup.VersionLoggerListener.log Command line argument: -Djdk.tls.ephemeralDHKeySize=2048
27-Nov-2022 21:10:26.124 INFO [main] org.apache.catalina.startup.VersionLoggerListener.log Command line argument: -Djava.protocol.handler.pkgs=org.apache.catalina.webresources
27-Nov-2022 21:10:26.124 INFO [main] org.apache.catalina.startup.VersionLoggerListener.log Command line argument: -Dignore.endorsed.dirs=
27-Nov-2022 21:10:26.125 INFO [main] org.apache.catalina.startup.VersionLoggerListener.log Command line argument: -Dcatalina.base=C:\apache-tomcat-10.0.27
27-Nov-2022 21:10:26.125 INFO [main] org.apache.catalina.startup.VersionLoggerListener.log Command line argument: -Dcatalina.home=C:\apache-tomcat-10.0.27
27-Nov-2022 21:10:26.125 INFO [main] org.apache.catalina.startup.VersionLoggerListener.log Command line argument: -Djava.io.tmpdir=C:\apache-tomcat-10.0.27\temp
27-Nov-2022 21:10:26.422 INFO [main] org.apache.catalina.core.AprLifecycleListener.lifecycleEvent Loaded Apache Tomcat Native library [1.2.35] using APR version [1.7.0].
27-Nov-2022 21:10:26.422 INFO [main] org.apache.catalina.core.AprLifecycleListener.lifecycleEvent APR capabilities: IPv6 [true], sendfile [true], accept filters [false], random [true], UDS [true].
27-Nov-2022 21:10:26.439 INFO [main] org.apache.catalina.core.AprLifecycleListener.initializeSSL OpenSSL successfully initialized [OpenSSL 1.1.1q  5 Jul 2022]
27-Nov-2022 21:10:26.920 INFO [main] org.apache.coyote.AbstractProtocol.init Initializing ProtocolHandler ["http-nio-8080"]
27-Nov-2022 21:10:26.953 INFO [main] org.apache.catalina.startup.Catalina.load Server initialization in [1093] milliseconds
27-Nov-2022 21:10:27.023 INFO [main] org.apache.catalina.core.StandardService.startInternal Starting service [Catalina]
27-Nov-2022 21:10:27.024 INFO [main] org.apache.catalina.core.StandardEngine.startInternal Starting Servlet engine: [Apache Tomcat/10.0.27]
27-Nov-2022 21:10:27.038 INFO [main] org.apache.catalina.startup.HostConfig.deployDescriptor Deploying deployment descriptor [C:\apache-tomcat-10.0.27\conf\Catalina\localhost\loyaltyfirst.xml]
27-Nov-2022 21:10:27.065 WARNING [main] org.apache.catalina.startup.HostConfig.deployDescriptor The path attribute with value [/loyaltyfirst] in deployment descriptor [C:\apache-tomcat-10.0.27\conf\Catalina\localhost\loyaltyfirst.xml] has been ignored
27-Nov-2022 21:10:28.129 INFO [main] org.apache.jasper.servlet.TldScanner.scanJars At least one JAR was scanned for TLDs yet contained no TLDs. Enable debug logging for this logger for a complete list of JARs that were scanned but no TLDs were found in them. Skipping unneeded JARs during scanning can improve startup time and JSP compilation time.
27-Nov-2022 21:10:28.231 INFO [main] org.apache.catalina.startup.HostConfig.deployDescriptor Deployment of deployment descriptor [C:\apache-tomcat-10.0.27\conf\Catalina\localhost\loyaltyfirst.xml] has finished in [1,192] ms
27-Nov-2022 21:10:28.232 INFO [main] org.apache.catalina.startup.HostConfig.deployDirectory Deploying web application directory [C:\apache-tomcat-10.0.27\webapps\docs]
27-Nov-2022 21:10:28.256 INFO [main] org.apache.catalina.startup.HostConfig.deployDirectory Deployment of web application directory [C:\apache-tomcat-10.0.27\webapps\docs] has finished in [23] ms
27-Nov-2022 21:10:28.257 INFO [main] org.apache.catalina.startup.HostConfig.deployDirectory Deploying web application directory [C:\apache-tomcat-10.0.27\webapps\examples]
27-Nov-2022 21:10:28.653 INFO [main] org.apache.catalina.startup.HostConfig.deployDirectory Deployment of web application directory [C:\apache-tomcat-10.0.27\webapps\examples] has finished in [395] ms
27-Nov-2022 21:10:28.653 INFO [main] org.apache.catalina.startup.HostConfig.deployDirectory Deploying web application directory [C:\apache-tomcat-10.0.27\webapps\host-manager]
27-Nov-2022 21:10:28.695 INFO [main] org.apache.catalina.startup.HostConfig.deployDirectory Deployment of web application directory [C:\apache-tomcat-10.0.27\webapps\host-manager] has finished in [42] ms
27-Nov-2022 21:10:28.695 INFO [main] org.apache.catalina.startup.HostConfig.deployDirectory Deploying web application directory [C:\apache-tomcat-10.0.27\webapps\manager]
27-Nov-2022 21:10:28.723 INFO [main] org.apache.catalina.startup.HostConfig.deployDirectory Deployment of web application directory [C:\apache-tomcat-10.0.27\webapps\manager] has finished in [28] ms
27-Nov-2022 21:10:28.723 INFO [main] org.apache.catalina.startup.HostConfig.deployDirectory Deploying web application directory [C:\apache-tomcat-10.0.27\webapps\ROOT]
27-Nov-2022 21:10:28.759 INFO [main] org.apache.catalina.startup.HostConfig.deployDirectory Deployment of web application directory [C:\apache-tomcat-10.0.27\webapps\ROOT] has finished in [36] ms
27-Nov-2022 21:10:28.762 INFO [main] org.apache.coyote.AbstractProtocol.start Starting ProtocolHandler ["http-nio-8080"]
27-Nov-2022 21:10:28.829 INFO [main] org.apache.catalina.startup.Catalina.start Server startup in [1873] milliseconds
27-Nov-2022 21:10:31.179 INFO [http-nio-8080-exec-10] org.apache.catalina.core.StandardContext.reload Reloading Context with name [/loyaltyfirst] has started
27-Nov-2022 21:10:31.645 INFO [http-nio-8080-exec-10] org.apache.jasper.servlet.TldScanner.scanJars At least one JAR was scanned for TLDs yet contained no TLDs. Enable debug logging for this logger for a complete list of JARs that were scanned but no TLDs were found in them. Skipping unneeded JARs during scanning can improve startup time and JSP compilation time.
27-Nov-2022 21:10:31.657 INFO [http-nio-8080-exec-10] org.apache.catalina.core.StandardContext.reload Reloading Context with name [/loyaltyfirst] is completed
27-Nov-2022 23:11:11.222 INFO [main] org.apache.catalina.core.StandardServer.await A valid shutdown command was received via the shutdown port. Stopping the Server instance.
27-Nov-2022 23:11:11.238 INFO [main] org.apache.coyote.AbstractProtocol.pause Pausing ProtocolHandler ["http-nio-8080"]
27-Nov-2022 23:11:11.315 INFO [main] org.apache.catalina.core.StandardService.stopInternal Stopping service [Catalina]
27-Nov-2022 23:11:11.498 WARNING [main] org.apache.catalina.loader.WebappClassLoaderBase.clearReferencesJdbc The web application [loyaltyfirst] registered the JDBC driver [oracle.jdbc.OracleDriver] but failed to unregister it when the web application was stopped. To prevent a memory leak, the JDBC Driver has been forcibly unregistered.
27-Nov-2022 23:11:11.550 INFO [main] org.apache.coyote.AbstractProtocol.stop Stopping ProtocolHandler ["http-nio-8080"]
27-Nov-2022 23:11:11.582 INFO [main] org.apache.coyote.AbstractProtocol.destroy Destroying ProtocolHandler ["http-nio-8080"]
27-Nov-2022 23:17:21.718 INFO [main] org.apache.catalina.startup.VersionLoggerListener.log Server version name:   Apache Tomcat/10.0.27
27-Nov-2022 23:17:21.746 INFO [main] org.apache.catalina.startup.VersionLoggerListener.log Server built:          Oct 3 2022 14:18:31 UTC
27-Nov-2022 23:17:21.766 INFO [main] org.apache.catalina.startup.VersionLoggerListener.log Server version number: 10.0.27.0
27-Nov-2022 23:17:21.767 INFO [main] org.apache.catalina.startup.VersionLoggerListener.log OS Name:               Windows 11
27-Nov-2022 23:17:21.767 INFO [main] org.apache.catalina.startup.VersionLoggerListener.log OS Version:            10.0
27-Nov-2022 23:17:21.767 INFO [main] org.apache.catalina.startup.VersionLoggerListener.log Architecture:          amd64
27-Nov-2022 23:17:21.767 INFO [main] org.apache.catalina.startup.VersionLoggerListener.log Java Home:             C:\Program Files\Apache NetBeans\jdk
27-Nov-2022 23:17:21.767 INFO [main] org.apache.catalina.startup.VersionLoggerListener.log JVM Version:           18.0.2+9
27-Nov-2022 23:17:21.767 INFO [main] org.apache.catalina.startup.VersionLoggerListener.log JVM Vendor:            Azul Systems, Inc.
27-Nov-2022 23:17:21.767 INFO [main] org.apache.catalina.startup.VersionLoggerListener.log CATALINA_BASE:         C:\apache-tomcat-10.0.27
27-Nov-2022 23:17:21.768 INFO [main] org.apache.catalina.startup.VersionLoggerListener.log CATALINA_HOME:         C:\apache-tomcat-10.0.27
27-Nov-2022 23:17:21.914 INFO [main] org.apache.catalina.startup.VersionLoggerListener.log Command line argument: --add-opens=java.base/java.lang=ALL-UNNAMED
27-Nov-2022 23:17:21.915 INFO [main] org.apache.catalina.startup.VersionLoggerListener.log Command line argument: --add-opens=java.base/java.io=ALL-UNNAMED
27-Nov-2022 23:17:21.915 INFO [main] org.apache.catalina.startup.VersionLoggerListener.log Command line argument: --add-opens=java.base/java.util=ALL-UNNAMED
27-Nov-2022 23:17:21.915 INFO [main] org.apache.catalina.startup.VersionLoggerListener.log Command line argument: --add-opens=java.base/java.util.concurrent=ALL-UNNAMED
27-Nov-2022 23:17:21.915 INFO [main] org.apache.catalina.startup.VersionLoggerListener.log Command line argument: --add-opens=java.rmi/sun.rmi.transport=ALL-UNNAMED
27-Nov-2022 23:17:21.915 INFO [main] org.apache.catalina.startup.VersionLoggerListener.log Command line argument: -Djava.util.logging.config.file=C:\apache-tomcat-10.0.27\conf\logging.properties
27-Nov-2022 23:17:21.917 INFO [main] org.apache.catalina.startup.VersionLoggerListener.log Command line argument: -Djava.util.logging.manager=org.apache.juli.ClassLoaderLogManager
27-Nov-2022 23:17:21.917 INFO [main] org.apache.catalina.startup.VersionLoggerListener.log Command line argument: -Dhttp.nonProxyHosts=localhost|127.0.0.1|DESKTOP-MM91H5O
27-Nov-2022 23:17:21.918 INFO [main] org.apache.catalina.startup.VersionLoggerListener.log Command line argument: -Djdk.tls.ephemeralDHKeySize=2048
27-Nov-2022 23:17:21.918 INFO [main] org.apache.catalina.startup.VersionLoggerListener.log Command line argument: -Djava.protocol.handler.pkgs=org.apache.catalina.webresources
27-Nov-2022 23:17:21.918 INFO [main] org.apache.catalina.startup.VersionLoggerListener.log Command line argument: -Dignore.endorsed.dirs=
27-Nov-2022 23:17:21.918 INFO [main] org.apache.catalina.startup.VersionLoggerListener.log Command line argument: -Dcatalina.base=C:\apache-tomcat-10.0.27
27-Nov-2022 23:17:21.918 INFO [main] org.apache.catalina.startup.VersionLoggerListener.log Command line argument: -Dcatalina.home=C:\apache-tomcat-10.0.27
27-Nov-2022 23:17:21.918 INFO [main] org.apache.catalina.startup.VersionLoggerListener.log Command line argument: -Djava.io.tmpdir=C:\apache-tomcat-10.0.27\temp
27-Nov-2022 23:17:22.367 INFO [main] org.apache.catalina.core.AprLifecycleListener.lifecycleEvent Loaded Apache Tomcat Native library [1.2.35] using APR version [1.7.0].
27-Nov-2022 23:17:22.367 INFO [main] org.apache.catalina.core.AprLifecycleListener.lifecycleEvent APR capabilities: IPv6 [true], sendfile [true], accept filters [false], random [true], UDS [true].
27-Nov-2022 23:17:22.378 INFO [main] org.apache.catalina.core.AprLifecycleListener.initializeSSL OpenSSL successfully initialized [OpenSSL 1.1.1q  5 Jul 2022]
27-Nov-2022 23:17:23.833 INFO [main] org.apache.coyote.AbstractProtocol.init Initializing ProtocolHandler ["http-nio-8080"]
27-Nov-2022 23:17:23.973 INFO [main] org.apache.catalina.startup.Catalina.load Server initialization in [3727] milliseconds
27-Nov-2022 23:17:24.150 INFO [main] org.apache.catalina.core.StandardService.startInternal Starting service [Catalina]
27-Nov-2022 23:17:24.151 INFO [main] org.apache.catalina.core.StandardEngine.startInternal Starting Servlet engine: [Apache Tomcat/10.0.27]
27-Nov-2022 23:17:24.172 INFO [main] org.apache.catalina.startup.HostConfig.deployDescriptor Deploying deployment descriptor [C:\apache-tomcat-10.0.27\conf\Catalina\localhost\loyaltyfirst.xml]
27-Nov-2022 23:17:24.257 WARNING [main] org.apache.catalina.startup.HostConfig.deployDescriptor The path attribute with value [/loyaltyfirst] in deployment descriptor [C:\apache-tomcat-10.0.27\conf\Catalina\localhost\loyaltyfirst.xml] has been ignored
27-Nov-2022 23:17:27.376 INFO [main] org.apache.jasper.servlet.TldScanner.scanJars At least one JAR was scanned for TLDs yet contained no TLDs. Enable debug logging for this logger for a complete list of JARs that were scanned but no TLDs were found in them. Skipping unneeded JARs during scanning can improve startup time and JSP compilation time.
27-Nov-2022 23:17:27.589 WARNING [main] org.apache.catalina.util.SessionIdGeneratorBase.createSecureRandom Creation of SecureRandom instance for session ID generation using [SHA1PRNG] took [127] milliseconds.
27-Nov-2022 23:17:27.658 INFO [main] org.apache.catalina.startup.HostConfig.deployDescriptor Deployment of deployment descriptor [C:\apache-tomcat-10.0.27\conf\Catalina\localhost\loyaltyfirst.xml] has finished in [3,487] ms
27-Nov-2022 23:17:27.660 INFO [main] org.apache.catalina.startup.HostConfig.deployDirectory Deploying web application directory [C:\apache-tomcat-10.0.27\webapps\docs]
27-Nov-2022 23:17:27.753 INFO [main] org.apache.catalina.startup.HostConfig.deployDirectory Deployment of web application directory [C:\apache-tomcat-10.0.27\webapps\docs] has finished in [93] ms
27-Nov-2022 23:17:27.754 INFO [main] org.apache.catalina.startup.HostConfig.deployDirectory Deploying web application directory [C:\apache-tomcat-10.0.27\webapps\examples]
27-Nov-2022 23:17:28.905 INFO [main] org.apache.catalina.startup.HostConfig.deployDirectory Deployment of web application directory [C:\apache-tomcat-10.0.27\webapps\examples] has finished in [1,151] ms
27-Nov-2022 23:17:28.907 INFO [main] org.apache.catalina.startup.HostConfig.deployDirectory Deploying web application directory [C:\apache-tomcat-10.0.27\webapps\host-manager]
27-Nov-2022 23:17:29.025 INFO [main] org.apache.catalina.startup.HostConfig.deployDirectory Deployment of web application directory [C:\apache-tomcat-10.0.27\webapps\host-manager] has finished in [118] ms
27-Nov-2022 23:17:29.026 INFO [main] org.apache.catalina.startup.HostConfig.deployDirectory Deploying web application directory [C:\apache-tomcat-10.0.27\webapps\manager]
27-Nov-2022 23:17:29.171 INFO [main] org.apache.catalina.startup.HostConfig.deployDirectory Deployment of web application directory [C:\apache-tomcat-10.0.27\webapps\manager] has finished in [146] ms
27-Nov-2022 23:17:29.172 INFO [main] org.apache.catalina.startup.HostConfig.deployDirectory Deploying web application directory [C:\apache-tomcat-10.0.27\webapps\ROOT]
27-Nov-2022 23:17:29.234 INFO [main] org.apache.catalina.startup.HostConfig.deployDirectory Deployment of web application directory [C:\apache-tomcat-10.0.27\webapps\ROOT] has finished in [62] ms
27-Nov-2022 23:17:29.257 INFO [main] org.apache.coyote.AbstractProtocol.start Starting ProtocolHandler ["http-nio-8080"]
27-Nov-2022 23:17:29.531 INFO [main] org.apache.catalina.startup.Catalina.start Server startup in [5533] milliseconds
27-Nov-2022 23:44:15.479 INFO [main] org.apache.catalina.core.StandardServer.await A valid shutdown command was received via the shutdown port. Stopping the Server instance.
27-Nov-2022 23:44:15.489 INFO [main] org.apache.coyote.AbstractProtocol.pause Pausing ProtocolHandler ["http-nio-8080"]
27-Nov-2022 23:44:15.679 INFO [main] org.apache.catalina.core.StandardService.stopInternal Stopping service [Catalina]
27-Nov-2022 23:44:15.929 WARNING [main] org.apache.catalina.loader.WebappClassLoaderBase.clearReferencesJdbc The web application [loyaltyfirst] registered the JDBC driver [oracle.jdbc.OracleDriver] but failed to unregister it when the web application was stopped. To prevent a memory leak, the JDBC Driver has been forcibly unregistered.
27-Nov-2022 23:44:15.989 INFO [main] org.apache.coyote.AbstractProtocol.stop Stopping ProtocolHandler ["http-nio-8080"]
27-Nov-2022 23:44:16.038 INFO [main] org.apache.coyote.AbstractProtocol.destroy Destroying ProtocolHandler ["http-nio-8080"]
27-Nov-2022 23:54:54.561 INFO [main] org.apache.catalina.startup.VersionLoggerListener.log Server version name:   Apache Tomcat/10.0.27
27-Nov-2022 23:54:54.566 INFO [main] org.apache.catalina.startup.VersionLoggerListener.log Server built:          Oct 3 2022 14:18:31 UTC
27-Nov-2022 23:54:54.567 INFO [main] org.apache.catalina.startup.VersionLoggerListener.log Server version number: 10.0.27.0
27-Nov-2022 23:54:54.567 INFO [main] org.apache.catalina.startup.VersionLoggerListener.log OS Name:               Windows 11
27-Nov-2022 23:54:54.567 INFO [main] org.apache.catalina.startup.VersionLoggerListener.log OS Version:            10.0
27-Nov-2022 23:54:54.567 INFO [main] org.apache.catalina.startup.VersionLoggerListener.log Architecture:          amd64
27-Nov-2022 23:54:54.567 INFO [main] org.apache.catalina.startup.VersionLoggerListener.log Java Home:             C:\Program Files\Apache NetBeans\jdk
27-Nov-2022 23:54:54.567 INFO [main] org.apache.catalina.startup.VersionLoggerListener.log JVM Version:           18.0.2+9
27-Nov-2022 23:54:54.568 INFO [main] org.apache.catalina.startup.VersionLoggerListener.log JVM Vendor:            Azul Systems, Inc.
27-Nov-2022 23:54:54.568 INFO [main] org.apache.catalina.startup.VersionLoggerListener.log CATALINA_BASE:         C:\apache-tomcat-10.0.27
27-Nov-2022 23:54:54.568 INFO [main] org.apache.catalina.startup.VersionLoggerListener.log CATALINA_HOME:         C:\apache-tomcat-10.0.27
27-Nov-2022 23:54:54.590 INFO [main] org.apache.catalina.startup.VersionLoggerListener.log Command line argument: --add-opens=java.base/java.lang=ALL-UNNAMED
27-Nov-2022 23:54:54.591 INFO [main] org.apache.catalina.startup.VersionLoggerListener.log Command line argument: --add-opens=java.base/java.io=ALL-UNNAMED
27-Nov-2022 23:54:54.591 INFO [main] org.apache.catalina.startup.VersionLoggerListener.log Command line argument: --add-opens=java.base/java.util=ALL-UNNAMED
27-Nov-2022 23:54:54.591 INFO [main] org.apache.catalina.startup.VersionLoggerListener.log Command line argument: --add-opens=java.base/java.util.concurrent=ALL-UNNAMED
27-Nov-2022 23:54:54.591 INFO [main] org.apache.catalina.startup.VersionLoggerListener.log Command line argument: --add-opens=java.rmi/sun.rmi.transport=ALL-UNNAMED
27-Nov-2022 23:54:54.591 INFO [main] org.apache.catalina.startup.VersionLoggerListener.log Command line argument: -Djava.util.logging.config.file=C:\apache-tomcat-10.0.27\conf\logging.properties
27-Nov-2022 23:54:54.591 INFO [main] org.apache.catalina.startup.VersionLoggerListener.log Command line argument: -Djava.util.logging.manager=org.apache.juli.ClassLoaderLogManager
27-Nov-2022 23:54:54.591 INFO [main] org.apache.catalina.startup.VersionLoggerListener.log Command line argument: -Dhttp.nonProxyHosts=localhost|127.0.0.1|DESKTOP-MM91H5O
27-Nov-2022 23:54:54.591 INFO [main] org.apache.catalina.startup.VersionLoggerListener.log Command line argument: -Djdk.tls.ephemeralDHKeySize=2048
27-Nov-2022 23:54:54.591 INFO [main] org.apache.catalina.startup.VersionLoggerListener.log Command line argument: -Djava.protocol.handler.pkgs=org.apache.catalina.webresources
27-Nov-2022 23:54:54.591 INFO [main] org.apache.catalina.startup.VersionLoggerListener.log Command line argument: -Dignore.endorsed.dirs=
27-Nov-2022 23:54:54.592 INFO [main] org.apache.catalina.startup.VersionLoggerListener.log Command line argument: -Dcatalina.base=C:\apache-tomcat-10.0.27
27-Nov-2022 23:54:54.592 INFO [main] org.apache.catalina.startup.VersionLoggerListener.log Command line argument: -Dcatalina.home=C:\apache-tomcat-10.0.27
27-Nov-2022 23:54:54.592 INFO [main] org.apache.catalina.startup.VersionLoggerListener.log Command line argument: -Djava.io.tmpdir=C:\apache-tomcat-10.0.27\temp
27-Nov-2022 23:54:54.599 INFO [main] org.apache.catalina.core.AprLifecycleListener.lifecycleEvent Loaded Apache Tomcat Native library [1.2.35] using APR version [1.7.0].
27-Nov-2022 23:54:54.599 INFO [main] org.apache.catalina.core.AprLifecycleListener.lifecycleEvent APR capabilities: IPv6 [true], sendfile [true], accept filters [false], random [true], UDS [true].
27-Nov-2022 23:54:54.629 INFO [main] org.apache.catalina.core.AprLifecycleListener.initializeSSL OpenSSL successfully initialized [OpenSSL 1.1.1q  5 Jul 2022]
27-Nov-2022 23:54:55.105 INFO [main] org.apache.coyote.AbstractProtocol.init Initializing ProtocolHandler ["http-nio-8080"]
27-Nov-2022 23:54:55.129 INFO [main] org.apache.catalina.startup.Catalina.load Server initialization in [840] milliseconds
27-Nov-2022 23:54:55.181 INFO [main] org.apache.catalina.core.StandardService.startInternal Starting service [Catalina]
27-Nov-2022 23:54:55.182 INFO [main] org.apache.catalina.core.StandardEngine.startInternal Starting Servlet engine: [Apache Tomcat/10.0.27]
27-Nov-2022 23:54:55.198 INFO [main] org.apache.catalina.startup.HostConfig.deployDescriptor Deploying deployment descriptor [C:\apache-tomcat-10.0.27\conf\Catalina\localhost\loyaltyfirst.xml]
27-Nov-2022 23:54:55.221 WARNING [main] org.apache.catalina.startup.HostConfig.deployDescriptor The path attribute with value [/loyaltyfirst] in deployment descriptor [C:\apache-tomcat-10.0.27\conf\Catalina\localhost\loyaltyfirst.xml] has been ignored
27-Nov-2022 23:54:56.305 INFO [main] org.apache.jasper.servlet.TldScanner.scanJars At least one JAR was scanned for TLDs yet contained no TLDs. Enable debug logging for this logger for a complete list of JARs that were scanned but no TLDs were found in them. Skipping unneeded JARs during scanning can improve startup time and JSP compilation time.
27-Nov-2022 23:54:56.457 INFO [main] org.apache.catalina.startup.HostConfig.deployDescriptor Deployment of deployment descriptor [C:\apache-tomcat-10.0.27\conf\Catalina\localhost\loyaltyfirst.xml] has finished in [1,258] ms
27-Nov-2022 23:54:56.458 INFO [main] org.apache.catalina.startup.HostConfig.deployDirectory Deploying web application directory [C:\apache-tomcat-10.0.27\webapps\docs]
27-Nov-2022 23:54:56.488 INFO [main] org.apache.catalina.startup.HostConfig.deployDirectory Deployment of web application directory [C:\apache-tomcat-10.0.27\webapps\docs] has finished in [30] ms
27-Nov-2022 23:54:56.488 INFO [main] org.apache.catalina.startup.HostConfig.deployDirectory Deploying web application directory [C:\apache-tomcat-10.0.27\webapps\examples]
27-Nov-2022 23:54:56.868 INFO [main] org.apache.catalina.startup.HostConfig.deployDirectory Deployment of web application directory [C:\apache-tomcat-10.0.27\webapps\examples] has finished in [380] ms
27-Nov-2022 23:54:56.869 INFO [main] org.apache.catalina.startup.HostConfig.deployDirectory Deploying web application directory [C:\apache-tomcat-10.0.27\webapps\host-manager]
27-Nov-2022 23:54:56.914 INFO [main] org.apache.catalina.startup.HostConfig.deployDirectory Deployment of web application directory [C:\apache-tomcat-10.0.27\webapps\host-manager] has finished in [45] ms
27-Nov-2022 23:54:56.914 INFO [main] org.apache.catalina.startup.HostConfig.deployDirectory Deploying web application directory [C:\apache-tomcat-10.0.27\webapps\manager]
27-Nov-2022 23:54:56.953 INFO [main] org.apache.catalina.startup.HostConfig.deployDirectory Deployment of web application directory [C:\apache-tomcat-10.0.27\webapps\manager] has finished in [38] ms
27-Nov-2022 23:54:56.953 INFO [main] org.apache.catalina.startup.HostConfig.deployDirectory Deploying web application directory [C:\apache-tomcat-10.0.27\webapps\ROOT]
27-Nov-2022 23:54:56.975 INFO [main] org.apache.catalina.startup.HostConfig.deployDirectory Deployment of web application directory [C:\apache-tomcat-10.0.27\webapps\ROOT] has finished in [22] ms
27-Nov-2022 23:54:56.978 INFO [main] org.apache.coyote.AbstractProtocol.start Starting ProtocolHandler ["http-nio-8080"]
27-Nov-2022 23:54:57.054 INFO [main] org.apache.catalina.startup.Catalina.start Server startup in [1923] milliseconds
