28-Nov-2022 00:51:40.151 INFO [main] org.apache.catalina.core.ApplicationContext.log SessionListener: contextDestroyed()
28-Nov-2022 00:51:40.151 INFO [main] org.apache.catalina.core.ApplicationContext.log ContextListener: contextDestroyed()
28-Nov-2022 01:01:36.525 INFO [main] org.apache.catalina.core.ApplicationContext.log ContextListener: contextInitialized()
28-Nov-2022 01:01:36.525 INFO [main] org.apache.catalina.core.ApplicationContext.log SessionListener: contextInitialized()
28-Nov-2022 01:01:36.528 INFO [main] org.apache.catalina.core.ApplicationContext.log ContextListener: attributeAdded('StockTicker', 'async.Stockticker@762637be')
28-Nov-2022 01:15:15.692 INFO [main] org.apache.catalina.core.ApplicationContext.log SessionListener: contextDestroyed()
28-Nov-2022 01:15:15.692 INFO [main] org.apache.catalina.core.ApplicationContext.log ContextListener: contextDestroyed()
28-Nov-2022 01:15:23.681 INFO [main] org.apache.catalina.core.ApplicationContext.log ContextListener: contextInitialized()
28-Nov-2022 01:15:23.681 INFO [main] org.apache.catalina.core.ApplicationContext.log SessionListener: contextInitialized()
28-Nov-2022 01:15:23.684 INFO [main] org.apache.catalina.core.ApplicationContext.log ContextListener: attributeAdded('StockTicker', 'async.Stockticker@762637be')
28-Nov-2022 01:17:43.495 INFO [main] org.apache.catalina.core.ApplicationContext.log SessionListener: contextDestroyed()
28-Nov-2022 01:17:43.495 INFO [main] org.apache.catalina.core.ApplicationContext.log ContextListener: contextDestroyed()
28-Nov-2022 01:17:48.688 INFO [main] org.apache.catalina.core.ApplicationContext.log ContextListener: contextInitialized()
28-Nov-2022 01:17:48.688 INFO [main] org.apache.catalina.core.ApplicationContext.log SessionListener: contextInitialized()
28-Nov-2022 01:17:48.690 INFO [main] org.apache.catalina.core.ApplicationContext.log ContextListener: attributeAdded('StockTicker', 'async.Stockticker@762637be')
28-Nov-2022 01:31:18.553 INFO [main] org.apache.catalina.core.ApplicationContext.log SessionListener: contextDestroyed()
28-Nov-2022 01:31:18.554 INFO [main] org.apache.catalina.core.ApplicationContext.log ContextListener: contextDestroyed()
28-Nov-2022 17:02:25.418 INFO [main] org.apache.catalina.core.ApplicationContext.log ContextListener: contextInitialized()
28-Nov-2022 17:02:25.418 INFO [main] org.apache.catalina.core.ApplicationContext.log SessionListener: contextInitialized()
28-Nov-2022 17:02:25.427 INFO [main] org.apache.catalina.core.ApplicationContext.log ContextListener: attributeAdded('StockTicker', 'async.Stockticker@6c0e13b7')
